0 info it worked if it ends with ok
1 verbose cli [ '/usr/bin/node', '/usr/bin/npm', 'publish', '.' ]
2 info using npm@1.4.3
3 info using node@v0.10.26
4 verbose node symlink /usr/bin/node
5 verbose publish [ '.' ]
6 verbose cache add [ '.', null ]
7 verbose cache add name=undefined spec="." args=[".",null]
8 verbose parsed url { protocol: null,
8 verbose parsed url   slashes: null,
8 verbose parsed url   auth: null,
8 verbose parsed url   host: null,
8 verbose parsed url   port: null,
8 verbose parsed url   hostname: null,
8 verbose parsed url   hash: null,
8 verbose parsed url   search: null,
8 verbose parsed url   query: null,
8 verbose parsed url   pathname: '.',
8 verbose parsed url   path: '.',
8 verbose parsed url   href: '.' }
9 silly lockFile 3a52ce78- .
10 verbose lock . /home/sajirdalas/.npm/3a52ce78-.lock
11 silly lockFile 3a52ce78- .
12 error Error: Attempt to unlock ., which hasn't been locked
12 error     at unlock (/usr/lib/node_modules/npm/lib/cache.js:1304:11)
12 error     at cb (/usr/lib/node_modules/npm/lib/cache.js:866:5)
12 error     at /usr/lib/node_modules/npm/lib/cache.js:883:20
12 error     at /usr/lib/node_modules/npm/lib/cache.js:1290:7
12 error     at /usr/lib/node_modules/npm/node_modules/lockfile/lockfile.js:167:38
12 error     at OpenReq.Req.done (/usr/lib/node_modules/npm/node_modules/graceful-fs/graceful-fs.js:144:5)
12 error     at OpenReq.done (/usr/lib/node_modules/npm/node_modules/graceful-fs/graceful-fs.js:64:22)
12 error     at Object.oncomplete (fs.js:107:15)
13 error If you need help, you may report this *entire* log,
13 error including the npm and node versions, at:
13 error     <http://github.com/npm/npm/issues>
14 error System Linux 3.8.0-36-generic
15 error command "/usr/bin/node" "/usr/bin/npm" "publish" "."
16 error cwd /media/OS/development/galileoTest2
17 error node -v v0.10.26
18 error npm -v 1.4.3
19 verbose exit [ 1, true ]
